<?xml version='1.0' encoding='utf-8'?>
<testsuite name="dev.photohouse.connected.core.VideoReaderTest" tests="3" skipped="0" failures="0" errors="0" timestamp="2026-09-11T02:15:06" time="0.035">
  <testcase name="changedSizeMalformedChunkExpiryAndDenialFailClosedOnlyOnce" classname="dev.photohouse.connected.core.VideoReaderTest" time="0.016" />
  <testcase name="randomReadsAreBoundedAndEofAndZeroLengthDoNotFetch" classname="dev.photohouse.connected.core.VideoReaderTest" time="0.012" />
  <testcase name="closeCancelsInflightReadAndNeverCopiesLateBytes" classname="dev.photohouse.connected.core.VideoReaderTest" time="0.007" />
  </testsuite>