<?xml version='1.0' encoding='utf-8'?>
<testsuite name="dev.photohouse.connected.core.ConnectedStoreTest" tests="28" skipped="0" failures="0" errors="0" timestamp="2026-09-11T02:14:58" time="0.824">
  <testcase name="videoOfflineRetryReloadsPermissionAndNeverRestartsPlayback" classname="dev.photohouse.connected.core.ConnectedStoreTest" time="0.588" />
  <testcase name="originalRequiresExplicitImagePermissionAndNeverFallsBackFromMissingPreview" classname="dev.photohouse.connected.core.ConnectedStoreTest" time="0.057" />
  <testcase name="videoIsExplicitPermissionedAndClosedAtEveryPrivacyBoundary" classname="dev.photohouse.connected.core.ConnectedStoreTest" time="0.027" />
  <testcase name="lateAuthenticationCannotUncoverAfterBackground" classname="dev.photohouse.connected.core.ConnectedStoreTest" time="0.012" />
  <testcase name="expiryClearsWithoutWaitingForAnotherUserAction" classname="dev.photohouse.connected.core.ConnectedStoreTest" time="0.003" />
  <testcase name="videoDenialRechecksOnceAndOldPlayerCannotCloseNewVideo" classname="dev.photohouse.connected.core.ConnectedStoreTest" time="0.007" />
  <testcase name="offlineAdjacentRetryFetchesAgainAndRetainsReturnPage" classname="dev.photohouse.connected.core.ConnectedStoreTest" time="0.006" />
  <testcase name="malformedIdentityOnForegroundRemainsCovered" classname="dev.photohouse.connected.core.ConnectedStoreTest" time="0.005" />
  <testcase name="session401SignsOutAnd503KeepsCoverForExplicitRetry" classname="dev.photohouse.connected.core.ConnectedStoreTest" time="0.005" />
  <testcase name="signInRechecksOwnSessionAndClosedMembershipNeverReads" classname="dev.photohouse.connected.core.ConnectedStoreTest" time="0.004" />
  <testcase name="originalDenialRechecksOnceAndClearsAllPrivateContent" classname="dev.photohouse.connected.core.ConnectedStoreTest" time="0.005" />
  <testcase name="originalOfflineRetryRechecksMetadataBeforeAnotherExplicitOriginalRead" classname="dev.photohouse.connected.core.ConnectedStoreTest" time="0.004" />
  <testcase name="detailNavigationStaysOnCurrentPageAndFetchesEachPhoto" classname="dev.photohouse.connected.core.ConnectedStoreTest" time="0.01" />
  <testcase name="missingThumbnailAndLiteralCaptionsAreNotOriginalOrHtmlFallbacks" classname="dev.photohouse.connected.core.ConnectedStoreTest" time="0.004" />
  <testcase name="closingOriginalCancelsLateBytesAndRetainsNavigation" classname="dev.photohouse.connected.core.ConnectedStoreTest" time="0.004" />
  <testcase name="adjacentPhotoDenialClearsSequenceAndRechecksSessionOnce" classname="dev.photohouse.connected.core.ConnectedStoreTest" time="0.006" />
  <testcase name="invitationAcceptanceRefetchesMembershipAndDoesNotReplayMutation" classname="dev.photohouse.connected.core.ConnectedStoreTest" time="0.004" />
  <testcase name="logoutFailureIsLocalAndLateAcknowledgementCannotReplaceNewAccount" classname="dev.photohouse.connected.core.ConnectedStoreTest" time="0.006" />
  <testcase name="galleryPagesDeduplicateAndBoundMemory" classname="dev.photohouse.connected.core.ConnectedStoreTest" time="0.003" />
  <testcase name="object401RechecksOnceWithoutRetryingForeignRead" classname="dev.photohouse.connected.core.ConnectedStoreTest" time="0.005" />
  <testcase name="navigationContextIsClearedAtEveryPrivateStateBoundary" classname="dev.photohouse.connected.core.ConnectedStoreTest" time="0.005" />
  <testcase name="backgroundClearsPrivateStateAndRevalidatesBeforeUncovering" classname="dev.photohouse.connected.core.ConnectedStoreTest" time="0.002" />
  <testcase name="invitedRegistrationAndColdStartAreIndependentOfFixtureState" classname="dev.photohouse.connected.core.ConnectedStoreTest" time="0.002" />
  <testcase name="pendingAdjacentPhotoCannotRestoreAfterBackOrLibrarySwitch" classname="dev.photohouse.connected.core.ConnectedStoreTest" time="0.029" />
  <testcase name="originalBudgetAndMissingFileHaveExplicitErrors" classname="dev.photohouse.connected.core.ConnectedStoreTest" time="0.005" />
  <testcase name="rateLimitSurvivesNavigationAndRequiresExplicitRetry" classname="dev.photohouse.connected.core.ConnectedStoreTest" time="0.002" />
  <testcase name="lateGalleryCannotCrossLibraryOrLogoutGeneration" classname="dev.photohouse.connected.core.ConnectedStoreTest" time="0.004" />
  <testcase name="lateOriginalCannotCrossLogoutBackgroundLibraryOrExpiry" classname="dev.photohouse.connected.core.ConnectedStoreTest" time="0.005" />
  </testsuite>