<?xml version='1.0' encoding='utf-8'?>
<testsuite name="dev.photohouse.fixture.core.FixtureTest" tests="22" skipped="0" failures="0" errors="0" timestamp="2026-09-11T01:18:13" time="0.815">
  <testcase name="app02InvalidInvitationStaysSignedOut" classname="dev.photohouse.fixture.core.FixtureTest" time="0.245" />
  <testcase name="app09TwentyFourHourExpiryLocksOnForeground" classname="dev.photohouse.fixture.core.FixtureTest" time="0.017" />
  <testcase name="acceptedInvitationRefetchesOnlyOwnSession" classname="dev.photohouse.fixture.core.FixtureTest" time="0.007" />
  <testcase name="app09BackgroundClearsPrivateStateAndWaitsForRevalidation" classname="dev.photohouse.fixture.core.FixtureTest" time="0.015" />
  <testcase name="app05MissingPreviewNeverFallsBackAndVideoHasNoPlayer" classname="dev.photohouse.fixture.core.FixtureTest" time="0.148" />
  <testcase name="app08ObjectDenialChecksSessionExactlyOnceWithoutSigningOutValidAccount" classname="dev.photohouse.fixture.core.FixtureTest" time="0.017" />
  <testcase name="closedBoundaryDoesNotTryLegacyOrRetry" classname="dev.photohouse.fixture.core.FixtureTest" time="0.007" />
  <testcase name="app06LateOldLibraryResponseIsDropped" classname="dev.photohouse.fixture.core.FixtureTest" time="0.008" />
  <testcase name="app07LateLoginCannotRestoreCredentialsAfterLogout" classname="dev.photohouse.fixture.core.FixtureTest" time="0.03" />
  <testcase name="rejectsWrongLibraryResponsesAndNeverLoadsTheirMedia" classname="dev.photohouse.fixture.core.FixtureTest" time="0.009" />
  <testcase name="app10EmptyCaptionsAndMarkupRemainLiteralAndSeparateFromUiLanguage" classname="dev.photohouse.fixture.core.FixtureTest" time="0.006" />
  <testcase name="app03AllUnavailableMembershipsDenyGalleryAndMedia" classname="dev.photohouse.fixture.core.FixtureTest" time="0.08" />
  <testcase name="app08UnavailableSessionCheckCoversWithoutClaimingRevocation" classname="dev.photohouse.fixture.core.FixtureTest" time="0.005" />
  <testcase name="app09RevalidationCannotUncoverAfterAnotherBackground" classname="dev.photohouse.fixture.core.FixtureTest" time="0.004" />
  <testcase name="coveredNavigationCannotBypassRevalidation" classname="dev.photohouse.fixture.core.FixtureTest" time="0.003" />
  <testcase name="parsesEveryFrozenJsonSuccessAndRetainsWireTypes" classname="dev.photohouse.fixture.core.FixtureTest" time="0.036" />
  <testcase name="app01InvitedRegistrationGrantsOnlyInvitedLibrary" classname="dev.photohouse.fixture.core.FixtureTest" time="0.075" />
  <testcase name="app10RateLimitCooldownAndUnavailableRetryDoNotLoop" classname="dev.photohouse.fixture.core.FixtureTest" time="0.016" />
  <testcase name="app04ApprovedGalleryDetailAndLiteralCaptions" classname="dev.photohouse.fixture.core.FixtureTest" time="0.004" />
  <testcase name="duplicateIdsAreDeduplicatedOnRefresh" classname="dev.photohouse.fixture.core.FixtureTest" time="0.034" />
  <testcase name="sessionExpiryStopsForegroundReadsBeforeCallingRepository" classname="dev.photohouse.fixture.core.FixtureTest" time="0.028" />
  <testcase name="app07LogoutClearsImmediatelyEvenWithLateDataAndFailure" classname="dev.photohouse.fixture.core.FixtureTest" time="0.003" />
  </testsuite>