<?xml version='1.0' encoding='utf-8'?>
<testsuite name="dev.photohouse.connected.core.HttpsApiTest" tests="13" skipped="0" failures="0" errors="0" timestamp="2026-09-09T11:26:42" time="3.115">
  <properties />
  <testcase name="protectedSessionUsesOneHeaderAndDoesNotPersistCookie" classname="dev.photohouse.connected.core.HttpsApiTest" time="0.745" />
  <testcase name="originAdmissionAndOpaqueTokenValidation" classname="dev.photohouse.connected.core.HttpsApiTest" time="0.009" />
  <testcase name="nativeLoginAndRegistrationSendExactFieldsWithoutAmbientCredentials" classname="dev.photohouse.connected.core.HttpsApiTest" time="0.588" />
  <testcase name="cancelStopsOutstandingTransport" classname="dev.photohouse.connected.core.HttpsApiTest" time="0.46" />
  <testcase name="requestLimitsRejectOversizedInvitationBeforeNetwork" classname="dev.photohouse.connected.core.HttpsApiTest" time="0.076" />
  <testcase name="thumbnailMimeAndStreamingSizeAreBounded" classname="dev.photohouse.connected.core.HttpsApiTest" time="0.274" />
  <testcase name="statusesDoNotDependOnErrorBodyAndNeverAutoRetry" classname="dev.photohouse.connected.core.HttpsApiTest" time="0.136" />
  <testcase name="arbitraryThumbnailUrlsNeverSendBearer" classname="dev.photohouse.connected.core.HttpsApiTest" time="0.078" />
  <testcase name="redirectsNeverFollowEvenOnSameOrigin" classname="dev.photohouse.connected.core.HttpsApiTest" time="0.103" />
  <testcase name="frozenBrowsingAndMutationResponsesUseExactScopedRoutes" classname="dev.photohouse.connected.core.HttpsApiTest" time="0.152" />
  <testcase name="missingThumbnailIsPlaceholderWithNoOriginalFallback" classname="dev.photohouse.connected.core.HttpsApiTest" time="0.089" />
  <testcase name="boundedStreamingAndStrictJsonRejectMalformedResponses" classname="dev.photohouse.connected.core.HttpsApiTest" time="0.159" />
  <testcase name="platformTrustRejectsSelfSignedServerAndHostnameValidationRemainsEnabled" classname="dev.photohouse.connected.core.HttpsApiTest" time="0.241" />
  </testsuite>